New log file opened at Mon Apr 27 21:26:37 BRT 2015 by 3440@ProfLab2-PC
Sending msg to client activator-fe9a76ba-2536-403f-b74c-31b029ce22ac: DetachedLogEvent(LogMessage(debug,sbt server socket logs are in: C:\Users\ProfLab2\Downloads\a\a\SiteJogo\.sbtserver\connections\master.log))
Sending msg to client activator-fe9a76ba-2536-403f-b74c-31b029ce22ac: DetachedLogEvent(LogMessage(debug,sbt general server logs are in: C:\Users\ProfLab2\Downloads\a\a\SiteJogo\.sbtserver\master.log))
Sending msg to client activator-fe9a76ba-2536-403f-b74c-31b029ce22ac: DetachedLogEvent(LogMessage(debug,sbt client logs are in: C:\Users\ProfLab2\Downloads\a\a\SiteJogo\.sbtserver\connections\activator-fe9a76ba-2536-403f-b74c-31b029ce22ac.log))
Reading next message from client.
Got request: ListenToEvents()
Reading next message from client.
Sending msg to client activator-fe9a76ba-2536-403f-b74c-31b029ce22ac: DetachedLogEvent(LogMessage(debug,> --initialize))
Sending msg to client activator-fe9a76ba-2536-403f-b74c-31b029ce22ac: DetachedLogEvent(LogMessage(debug,> initialize))
Sending msg to client activator-fe9a76ba-2536-403f-b74c-31b029ce22ac: DetachedLogEvent(LogMessage(debug,> onFailure load-failed))
Sending msg to client activator-fe9a76ba-2536-403f-b74c-31b029ce22ac: DetachedLogEvent(LogMessage(debug,> boot))
Sending msg to client activator-fe9a76ba-2536-403f-b74c-31b029ce22ac: DetachedLogEvent(LogMessage(debug,> reload))
Sending msg to client activator-fe9a76ba-2536-403f-b74c-31b029ce22ac: DetachedLogEvent(LogMessage(debug,[Loading] Scanning directory C:\Users\ProfLab2\Downloads\a\a\SiteJogo\project))
Sending msg to client activator-fe9a76ba-2536-403f-b74c-31b029ce22ac: (3,ReceivedResponse())
Sending msg to client activator-fe9a76ba-2536-403f-b74c-31b029ce22ac: DetachedLogEvent(LogMessage(debug,[Loading] Found non-root projects ))
Sending msg to client activator-fe9a76ba-2536-403f-b74c-31b029ce22ac: DetachedLogEvent(LogMessage(debug,[Loading] Done in C:\Users\ProfLab2\Downloads\a\a\SiteJogo\project, returning: ()))
Sending msg to client activator-fe9a76ba-2536-403f-b74c-31b029ce22ac: DetachedLogEvent(LogMessage(debug,deducing auto plugins based on known facts Set(Atom(sbt.plugins.CorePlugin)) and clauses Clauses(List(Clause(Atom(sbt.plugins.JvmPlugin),Set(Atom(sbt.plugins.IvyPlugin))), Clause(Atom(sbt.plugins.JUnitXmlReportPlugin),Set(Atom(sbt.plugins.JvmPlugin))), Clause(Atom(sbt.plugins.CorePlugin),Set(Atom(sbt.plugins.IvyPlugin))), Clause(Atom(sbt.plugins.IvyPlugin),Set(Atom(sbt.plugins.JvmPlugin))), Clause(Atom(sbt.plugins.JvmPlugin),Set(Atom(sbt.plugins.JUnitXmlReportPlugin)))))))
Sending msg to client activator-fe9a76ba-2536-403f-b74c-31b029ce22ac: DetachedLogEvent(LogMessage(debug,  :: deduced result: Matched(sbt.plugins.CorePlugin,sbt.plugins.IvyPlugin,sbt.plugins.JvmPlugin,sbt.plugins.JUnitXmlReportPlugin)))
Sending msg to client activator-fe9a76ba-2536-403f-b74c-31b029ce22ac: DetachedLogEvent(LogMessage(debug,sorting: ns: List(sbt.plugins.CorePlugin, sbt.plugins.IvyPlugin, sbt.plugins.JvmPlugin, sbt.plugins.JUnitXmlReportPlugin)))
Sending msg to client activator-fe9a76ba-2536-403f-b74c-31b029ce22ac: DetachedLogEvent(LogMessage(debug,  :: sorting:: found: List(sbt.plugins.CorePlugin) not found List(sbt.plugins.IvyPlugin, sbt.plugins.JvmPlugin, sbt.plugins.JUnitXmlReportPlugin)))
Sending msg to client activator-fe9a76ba-2536-403f-b74c-31b029ce22ac: DetachedLogEvent(LogMessage(debug,  :: sorting:: found: List(sbt.plugins.CorePlugin, sbt.plugins.IvyPlugin) not found List(sbt.plugins.JvmPlugin, sbt.plugins.JUnitXmlReportPlugin)))
Sending msg to client activator-fe9a76ba-2536-403f-b74c-31b029ce22ac: DetachedLogEvent(LogMessage(debug,  :: sorting:: found: List(sbt.plugins.CorePlugin, sbt.plugins.IvyPlugin, sbt.plugins.JvmPlugin) not found List(sbt.plugins.JUnitXmlReportPlugin)))
Sending msg to client activator-fe9a76ba-2536-403f-b74c-31b029ce22ac: DetachedLogEvent(LogMessage(debug,  :: sorting:: found: List(sbt.plugins.CorePlugin, sbt.plugins.IvyPlugin, sbt.plugins.JvmPlugin, sbt.plugins.JUnitXmlReportPlugin) not found List()))
Sending msg to client activator-fe9a76ba-2536-403f-b74c-31b029ce22ac: DetachedLogEvent(LogMessage(debug,  :: sorted deduced result: List(sbt.plugins.CorePlugin, sbt.plugins.IvyPlugin, sbt.plugins.JvmPlugin, sbt.plugins.JUnitXmlReportPlugin)))
Sending msg to client activator-fe9a76ba-2536-403f-b74c-31b029ce22ac: DetachedLogEvent(LogMessage(debug,[Loading] Done in C:\Users\ProfLab2\Downloads\a\a\SiteJogo\project, returning: (sitejogo-build)))
Sending msg to client activator-fe9a76ba-2536-403f-b74c-31b029ce22ac: DetachedLogEvent(LogMessage(info,Loading project definition from C:\Users\ProfLab2\Downloads\a\a\SiteJogo\project))
Sending msg to client activator-fe9a76ba-2536-403f-b74c-31b029ce22ac: DetachedLogEvent(LogMessage(debug,Running task... Cancel: sbt.TaskCancellationStrategy$Null$@ff8323, check cycles: false))
Sending msg to client activator-fe9a76ba-2536-403f-b74c-31b029ce22ac: DetachedLogEvent(LogStdOut([info] Updating {file:/C:/Users/ProfLab2/Downloads/a/a/SiteJogo/project/}sitejogo-build...))
Sending msg to client activator-fe9a76ba-2536-403f-b74c-31b029ce22ac: DetachedLogEvent(LogMessage(info,Updating {file:/C:/Users/ProfLab2/Downloads/a/a/SiteJogo/project/}sitejogo-build...))
Sending msg to client activator-fe9a76ba-2536-403f-b74c-31b029ce22ac: DetachedLogEvent(LogMessage(debug,Other repositories:))
Sending msg to client activator-fe9a76ba-2536-403f-b74c-31b029ce22ac: DetachedLogEvent(LogMessage(debug,Default repositories:))
Sending msg to client activator-fe9a76ba-2536-403f-b74c-31b029ce22ac: DetachedLogEvent(LogMessage(debug,Using inline dependencies specified in Scala.))
Sending msg to client activator-fe9a76ba-2536-403f-b74c-31b029ce22ac: DetachedLogEvent(LogMessage(debug,:: resolving dependencies :: default#sitejogo-build;0.1-SNAPSHOT))
Sending msg to client activator-fe9a76ba-2536-403f-b74c-31b029ce22ac: DetachedLogEvent(LogMessage(debug,	confs: [compile, runtime, test, provided, optional, compile-internal, runtime-internal, test-internal, plugin, sources, docs, pom, scala-tool]))
Sending msg to client activator-fe9a76ba-2536-403f-b74c-31b029ce22ac: DetachedLogEvent(LogMessage(debug,	validate = true))
Sending msg to client activator-fe9a76ba-2536-403f-b74c-31b029ce22ac: DetachedLogEvent(LogMessage(debug,	refresh = false))
Sending msg to client activator-fe9a76ba-2536-403f-b74c-31b029ce22ac: DetachedLogEvent(LogMessage(debug,resolving dependencies for configuration 'compile'))
Sending msg to client activator-fe9a76ba-2536-403f-b74c-31b029ce22ac: DetachedLogEvent(LogMessage(debug,== resolving dependencies for default#sitejogo-build;0.1-SNAPSHOT [compile]))
Sending msg to client activator-fe9a76ba-2536-403f-b74c-31b029ce22ac: DetachedLogEvent(LogMessage(debug,== resolving dependencies default#sitejogo-build;0.1-SNAPSHOT->com.typesafe.play#sbt-plugin;2.3.8 [compile->default(compile)]))
Sending msg to client activator-fe9a76ba-2536-403f-b74c-31b029ce22ac: DetachedLogEvent(LogStdOut([info] Resolving com.typesafe.play#sbt-plugin;2.3.8 ...))
Sending msg to client activator-fe9a76ba-2536-403f-b74c-31b029ce22ac: DetachedLogEvent(LogMessage(info,Resolving com.typesafe.play#sbt-plugin;2.3.8 ...))
Sending msg to client activator-fe9a76ba-2536-403f-b74c-31b029ce22ac: DetachedLogEvent(LogMessage(debug,sbt-chain: Checking cache for: dependency: com.typesafe.play#sbt-plugin;2.3.8 {compile=[default(compile)]}))
Sending msg to client activator-fe9a76ba-2536-403f-b74c-31b029ce22ac: DetachedLogEvent(LogStdOut([info] Resolving com.typesafe.play#sbt-plugin;2.3.8 ...))
Sending msg to client activator-fe9a76ba-2536-403f-b74c-31b029ce22ac: DetachedLogEvent(LogMessage(info,Resolving com.typesafe.play#sbt-plugin;2.3.8 ...))
Sending msg to client activator-fe9a76ba-2536-403f-b74c-31b029ce22ac: DetachedLogEvent(LogMessage(debug,sbt-chain-delegate: Checking cache for: dependency: com.typesafe.play#sbt-plugin;2.3.8 {compile=[default(compile)]}))
Sending msg to client activator-fe9a76ba-2536-403f-b74c-31b029ce22ac: DetachedLogEvent(LogMessage(debug,		tried https://repo.typesafe.com/typesafe/ivy-releases/com.typesafe.play/sbt-plugin/scala_2.10/sbt_0.13/2.3.8/ivys/ivy.xml))
Sending msg to client activator-fe9a76ba-2536-403f-b74c-31b029ce22ac: DetachedLogEvent(LogMessage(debug,	typesafe-ivy-releases: found md file for com.typesafe.play#sbt-plugin;2.3.8))
Sending msg to client activator-fe9a76ba-2536-403f-b74c-31b029ce22ac: DetachedLogEvent(LogMessage(debug,		=> https://repo.typesafe.com/typesafe/ivy-releases/com.typesafe.play/sbt-plugin/scala_2.10/sbt_0.13/2.3.8/ivys/ivy.xml (2.3.8)))
Sending msg to client activator-fe9a76ba-2536-403f-b74c-31b029ce22ac: DetachedLogEvent(LogMessage(debug,downloading https://repo.typesafe.com/typesafe/ivy-releases/com.typesafe.play/sbt-plugin/scala_2.10/sbt_0.13/2.3.8/ivys/ivy.xml ...))
Sending msg to client activator-fe9a76ba-2536-403f-b74c-31b029ce22ac: DetachedLogEvent(LogMessage(debug,	typesafe-ivy-releases: downloading https://repo.typesafe.com/typesafe/ivy-releases/com.typesafe.play/sbt-plugin/scala_2.10/sbt_0.13/2.3.8/ivys/ivy.xml))
Sending msg to client activator-fe9a76ba-2536-403f-b74c-31b029ce22ac: DetachedLogEvent(LogMessage(debug,	typesafe-ivy-releases: downloading https://repo.typesafe.com/typesafe/ivy-releases/com.typesafe.play/sbt-plugin/scala_2.10/sbt_0.13/2.3.8/ivys/ivy.xml.sha1))
Sending msg to client activator-fe9a76ba-2536-403f-b74c-31b029ce22ac: DetachedLogEvent(LogMessage(debug,sha1 OK for https://repo.typesafe.com/typesafe/ivy-releases/com.typesafe.play/sbt-plugin/scala_2.10/sbt_0.13/2.3.8/ivys/ivy.xml))
Sending msg to client activator-fe9a76ba-2536-403f-b74c-31b029ce22ac: DetachedLogEvent(LogMessage(debug,	[SUCCESSFUL ] com.typesafe.play#sbt-plugin;2.3.8!ivy.xml(ivy.original) (791ms)))
Sending msg to client activator-fe9a76ba-2536-403f-b74c-31b029ce22ac: DetachedLogEvent(LogMessage(debug,	found com.typesafe.play#sbt-plugin;2.3.8 in typesafe-ivy-releases))
Sending msg to client activator-fe9a76ba-2536-403f-b74c-31b029ce22ac: DetachedLogEvent(LogMessage(debug,== resolving dependencies com.typesafe.play#sbt-plugin;2.3.8->com.typesafe.play#routes-compiler_2.10;2.3.8 [compile->default(compile)]))
Sending msg to client activator-fe9a76ba-2536-403f-b74c-31b029ce22ac: DetachedLogEvent(LogStdOut([info] Resolving com.typesafe.play#routes-compiler_2.10;2.3.8 ...))
Sending msg to client activator-fe9a76ba-2536-403f-b74c-31b029ce22ac: DetachedLogEvent(LogMessage(info,Resolving com.typesafe.play#routes-compiler_2.10;2.3.8 ...))
Sending msg to client activator-fe9a76ba-2536-403f-b74c-31b029ce22ac: DetachedLogEvent(LogMessage(debug,sbt-chain: Checking cache for: dependency: com.typesafe.play#routes-compiler_2.10;2.3.8 {compile=[default(compile)]}))
Sending msg to client activator-fe9a76ba-2536-403f-b74c-31b029ce22ac: DetachedLogEvent(LogStdOut([info] Resolving com.typesafe.play#routes-compiler_2.10;2.3.8 ...))
Sending msg to client activator-fe9a76ba-2536-403f-b74c-31b029ce22ac: DetachedLogEvent(LogMessage(info,Resolving com.typesafe.play#routes-compiler_2.10;2.3.8 ...))
Sending msg to client activator-fe9a76ba-2536-403f-b74c-31b029ce22ac: DetachedLogEvent(LogMessage(debug,sbt-chain-delegate: Checking cache for: dependency: com.typesafe.play#routes-compiler_2.10;2.3.8 {compile=[default(compile)]}))
Sending msg to client activator-fe9a76ba-2536-403f-b74c-31b029ce22ac: DetachedLogEvent(LogMessage(debug,		tried https://repo.typesafe.com/typesafe/ivy-releases/com.typesafe.play/routes-compiler_2.10/2.3.8/ivys/ivy.xml))
Sending msg to client activator-fe9a76ba-2536-403f-b74c-31b029ce22ac: DetachedLogEvent(LogMessage(debug,CLIENT ERROR: Not Found url=https://repo.typesafe.com/typesafe/ivy-releases/com.typesafe.play/routes-compiler_2.10/2.3.8/ivys/ivy.xml))
Sending msg to client activator-fe9a76ba-2536-403f-b74c-31b029ce22ac: DetachedLogEvent(LogMessage(debug,	typesafe-ivy-releases: no ivy file found for com.typesafe.play#routes-compiler_2.10;2.3.8))
Sending msg to client activator-fe9a76ba-2536-403f-b74c-31b029ce22ac: DetachedLogEvent(LogMessage(debug,		tried https://repo.scala-sbt.org/scalasbt/sbt-plugin-releases/com.typesafe.play/routes-compiler_2.10/2.3.8/ivys/ivy.xml))
Sending msg to client activator-fe9a76ba-2536-403f-b74c-31b029ce22ac: DetachedLogEvent(LogMessage(debug,CLIENT ERROR: Not Found url=https://repo.scala-sbt.org/scalasbt/sbt-plugin-releases/com.typesafe.play/routes-compiler_2.10/2.3.8/ivys/ivy.xml))
Sending msg to client activator-fe9a76ba-2536-403f-b74c-31b029ce22ac: DetachedLogEvent(LogMessage(debug,	sbt-plugin-releases: no ivy file found for com.typesafe.play#routes-compiler_2.10;2.3.8))
Sending msg to client activator-fe9a76ba-2536-403f-b74c-31b029ce22ac: DetachedLogEvent(LogMessage(debug,		tried C:\Users\ProfLab2\.ivy2\local\com.typesafe.play\routes-compiler_2.10\2.3.8\ivys\ivy.xml))
Sending msg to client activator-fe9a76ba-2536-403f-b74c-31b029ce22ac: DetachedLogEvent(LogMessage(debug,	local: no ivy file found for com.typesafe.play#routes-compiler_2.10;2.3.8))
Sending msg to client activator-fe9a76ba-2536-403f-b74c-31b029ce22ac: DetachedLogEvent(LogMessage(debug,		tried C:\doesnotexist\repository\com.typesafe.play\routes-compiler_2.10\2.3.8\ivys\ivy.xml))
Sending msg to client activator-fe9a76ba-2536-403f-b74c-31b029ce22ac: DetachedLogEvent(LogMessage(debug,	activator-launcher-local: no ivy file found for com.typesafe.play#routes-compiler_2.10;2.3.8))
Sending msg to client activator-fe9a76ba-2536-403f-b74c-31b029ce22ac: DetachedLogEvent(LogMessage(debug,		tried C:\Users\ProfLab2\Downloads\a\a\repository\com.typesafe.play\routes-compiler_2.10\2.3.8\ivys\ivy.xml))
Sending msg to client activator-fe9a76ba-2536-403f-b74c-31b029ce22ac: DetachedLogEvent(LogMessage(debug,	activator-local: found md file for com.typesafe.play#routes-compiler_2.10;2.3.8))
Sending msg to client activator-fe9a76ba-2536-403f-b74c-31b029ce22ac: DetachedLogEvent(LogMessage(debug,		=> C:\Users\ProfLab2\Downloads\a\a\repository\com.typesafe.play\routes-compiler_2.10\2.3.8\ivys\ivy.xml (2.3.8)))
Sending msg to client activator-fe9a76ba-2536-403f-b74c-31b029ce22ac: DetachedLogEvent(LogMessage(debug,	[NOT REQUIRED] com.typesafe.play#routes-compiler_2.10;2.3.8!ivy.xml(ivy.original)))
Sending msg to client activator-fe9a76ba-2536-403f-b74c-31b029ce22ac: DetachedLogEvent(LogMessage(debug,	found com.typesafe.play#routes-compiler_2.10;2.3.8 in activator-local))
Sending msg to client activator-fe9a76ba-2536-403f-b74c-31b029ce22ac: DetachedLogEvent(LogMessage(debug,== resolving dependencies com.typesafe.play#sbt-plugin;2.3.8->com.typesafe.play#routes-compiler_2.10;2.3.8 [compile->runtime]))
Sending msg to client activator-fe9a76ba-2536-403f-b74c-31b029ce22ac: DetachedLogEvent(LogMessage(debug,== resolving dependencies com.typesafe.play#sbt-plugin;2.3.8->com.typesafe.play#routes-compiler_2.10;2.3.8 [compile->compile]))
Sending msg to client activator-fe9a76ba-2536-403f-b74c-31b029ce22ac: DetachedLogEvent(LogMessage(debug,== resolving dependencies com.typesafe.play#routes-compiler_2.10;2.3.8->org.scala-lang#scala-library;2.10.4 [compile->master(compile)]))
Sending msg to client activator-fe9a76ba-2536-403f-b74c-31b029ce22ac: DetachedLogEvent(LogStdOut([info] Resolving org.scala-lang#scala-library;2.10.4 ...))
Sending msg to client activator-fe9a76ba-2536-403f-b74c-31b029ce22ac: DetachedLogEvent(LogMessage(info,Resolving org.scala-lang#scala-library;2.10.4 ...))
Sending msg to client activator-fe9a76ba-2536-403f-b74c-31b029ce22ac: DetachedLogEvent(LogMessage(debug,sbt-chain: Checking cache for: dependency: org.scala-lang#scala-library;2.10.4 {compile=[compile(*), master(compile)], runtime=[runtime(*)]}))
Sending msg to client activator-fe9a76ba-2536-403f-b74c-31b029ce22ac: DetachedLogEvent(LogMessage(debug,sbt-chain: module revision found in cache: org.scala-lang#scala-library;2.10.4))
Sending msg to client activator-fe9a76ba-2536-403f-b74c-31b029ce22ac: DetachedLogEvent(LogMessage(debug,	found org.scala-lang#scala-library;2.10.4 in sbt-chain))
Sending msg to client activator-fe9a76ba-2536-403f-b74c-31b029ce22ac: DetachedLogEvent(LogMessage(debug,	[2.10.4] org.scala-lang#scala-library;2.10.4))
Sending msg to client activator-fe9a76ba-2536-403f-b74c-31b029ce22ac: DetachedLogEvent(LogMessage(debug,== resolving dependencies com.typesafe.play#routes-compiler_2.10;2.3.8->org.scala-lang#scala-library;2.10.4 [compile->compile(*)]))
Sending msg to client activator-fe9a76ba-2536-403f-b74c-31b029ce22ac: DetachedLogEvent(LogMessage(debug,== resolving dependencies com.typesafe.play#routes-compiler_2.10;2.3.8->org.scala-lang#scala-library;2.10.4 [compile->runtime(*)]))
Sending msg to client activator-fe9a76ba-2536-403f-b74c-31b029ce22ac: DetachedLogEvent(LogMessage(debug,== resolving dependencies com.typesafe.play#routes-compiler_2.10;2.3.8->org.scala-lang#scala-library;2.10.4 [compile->compile]))
Sending msg to client activator-fe9a76ba-2536-403f-b74c-31b029ce22ac: DetachedLogEvent(LogMessage(debug,== resolving dependencies com.typesafe.play#routes-compiler_2.10;2.3.8->commons-io#commons-io;2.0.1 [compile->master(compile)]))
Sending msg to client activator-fe9a76ba-2536-403f-b74c-31b029ce22ac: DetachedLogEvent(LogStdOut([info] Resolving commons-io#commons-io;2.0.1 ...))
Sending msg to client activator-fe9a76ba-2536-403f-b74c-31b029ce22ac: DetachedLogEvent(LogMessage(info,Resolving commons-io#commons-io;2.0.1 ...))
Sending msg to client activator-fe9a76ba-2536-403f-b74c-31b029ce22ac: DetachedLogEvent(LogMessage(debug,sbt-chain: Checking cache for: dependency: commons-io#commons-io;2.0.1 {compile=[compile(*), master(compile)], runtime=[runtime(*)]}))
Sending msg to client activator-fe9a76ba-2536-403f-b74c-31b029ce22ac: DetachedLogEvent(LogMessage(debug,sbt-chain: module revision found in cache: commons-io#commons-io;2.0.1))
Sending msg to client activator-fe9a76ba-2536-403f-b74c-31b029ce22ac: DetachedLogEvent(LogMessage(debug,	found commons-io#commons-io;2.0.1 in sbt-chain))
Sending msg to client activator-fe9a76ba-2536-403f-b74c-31b029ce22ac: DetachedLogEvent(LogMessage(debug,== resolving dependencies com.typesafe.play#routes-compiler_2.10;2.3.8->commons-io#commons-io;2.0.1 [compile->compile(*)]))
Sending msg to client activator-fe9a76ba-2536-403f-b74c-31b029ce22ac: DetachedLogEvent(LogMessage(debug,== resolving dependencies com.typesafe.play#routes-compiler_2.10;2.3.8->commons-io#commons-io;2.0.1 [compile->runtime(*)]))
Sending msg to client activator-fe9a76ba-2536-403f-b74c-31b029ce22ac: DetachedLogEvent(LogMessage(debug,== resolving dependencies com.typesafe.play#routes-compiler_2.10;2.3.8->commons-io#commons-io;2.0.1 [compile->compile]))
Sending msg to client activator-fe9a76ba-2536-403f-b74c-31b029ce22ac: DetachedLogEvent(LogMessage(debug,== resolving dependencies com.typesafe.play#routes-compiler_2.10;2.3.8->org.scala-lang#scala-library;2.10.4 [runtime->runtime(*)]))
Sending msg to client activator-fe9a76ba-2536-403f-b74c-31b029ce22ac: DetachedLogEvent(LogMessage(debug,== resolving dependencies com.typesafe.play#routes-compiler_2.10;2.3.8->org.scala-lang#scala-library;2.10.4 [runtime->compile]))
Sending msg to client activator-fe9a76ba-2536-403f-b74c-31b029ce22ac: DetachedLogEvent(LogMessage(debug,== resolving dependencies com.typesafe.play#routes-compiler_2.10;2.3.8->commons-io#commons-io;2.0.1 [runtime->runtime(*)]))
Sending msg to client activator-fe9a76ba-2536-403f-b74c-31b029ce22ac: DetachedLogEvent(LogMessage(debug,== resolving dependencies com.typesafe.play#routes-compiler_2.10;2.3.8->commons-io#commons-io;2.0.1 [runtime->compile]))
Sending msg to client activator-fe9a76ba-2536-403f-b74c-31b029ce22ac: DetachedLogEvent(LogMessage(debug,== resolving dependencies com.typesafe.play#sbt-plugin;2.3.8->com.typesafe.play#routes-compiler_2.10;2.3.8 [compile->master]))
Sending msg to client activator-fe9a76ba-2536-403f-b74c-31b029ce22ac: DetachedLogEvent(LogMessage(debug,== resolving dependencies com.typesafe.play#sbt-plugin;2.3.8->com.typesafe.play#sbt-run-support_2.10;2.3.8 [compile->default(compile)]))
Sending msg to client activator-fe9a76ba-2536-403f-b74c-31b029ce22ac: DetachedLogEvent(LogStdOut([info] Resolving com.typesafe.play#sbt-run-support_2.10;2.3.8 ...))
Sending msg to client activator-fe9a76ba-2536-403f-b74c-31b029ce22ac: DetachedLogEvent(LogMessage(info,Resolving com.typesafe.play#sbt-run-support_2.10;2.3.8 ...))
Sending msg to client activator-fe9a76ba-2536-403f-b74c-31b029ce22ac: DetachedLogEvent(LogMessage(debug,sbt-chain: Checking cache for: dependency: com.typesafe.play#sbt-run-support_2.10;2.3.8 {compile=[default(compile)]}))
Sending msg to client activator-fe9a76ba-2536-403f-b74c-31b029ce22ac: DetachedLogEvent(LogStdOut([info] Resolving com.typesafe.play#sbt-run-support_2.10;2.3.8 ...))
Sending msg to client activator-fe9a76ba-2536-403f-b74c-31b029ce22ac: DetachedLogEvent(LogMessage(info,Resolving com.typesafe.play#sbt-run-support_2.10;2.3.8 ...))
Sending msg to client activator-fe9a76ba-2536-403f-b74c-31b029ce22ac: DetachedLogEvent(LogMessage(debug,sbt-chain-delegate: Checking cache for: dependency: com.typesafe.play#sbt-run-support_2.10;2.3.8 {compile=[default(compile)]}))
Sending msg to client activator-fe9a76ba-2536-403f-b74c-31b029ce22ac: DetachedLogEvent(LogMessage(debug,		tried https://repo.typesafe.com/typesafe/ivy-releases/com.typesafe.play/sbt-run-support_2.10/2.3.8/ivys/ivy.xml))
Sending msg to client activator-fe9a76ba-2536-403f-b74c-31b029ce22ac: DetachedLogEvent(LogMessage(debug,CLIENT ERROR: Not Found url=https://repo.typesafe.com/typesafe/ivy-releases/com.typesafe.play/sbt-run-support_2.10/2.3.8/ivys/ivy.xml))
Sending msg to client activator-fe9a76ba-2536-403f-b74c-31b029ce22ac: DetachedLogEvent(LogMessage(debug,	typesafe-ivy-releases: no ivy file found for com.typesafe.play#sbt-run-support_2.10;2.3.8))
Sending msg to client activator-fe9a76ba-2536-403f-b74c-31b029ce22ac: DetachedLogEvent(LogMessage(debug,		tried https://repo.scala-sbt.org/scalasbt/sbt-plugin-releases/com.typesafe.play/sbt-run-support_2.10/2.3.8/ivys/ivy.xml))
Sending msg to client activator-fe9a76ba-2536-403f-b74c-31b029ce22ac: DetachedLogEvent(LogMessage(debug,CLIENT ERROR: Not Found url=https://repo.scala-sbt.org/scalasbt/sbt-plugin-releases/com.typesafe.play/sbt-run-support_2.10/2.3.8/ivys/ivy.xml))
Sending msg to client activator-fe9a76ba-2536-403f-b74c-31b029ce22ac: DetachedLogEvent(LogMessage(debug,	sbt-plugin-releases: no ivy file found for com.typesafe.play#sbt-run-support_2.10;2.3.8))
Sending msg to client activator-fe9a76ba-2536-403f-b74c-31b029ce22ac: DetachedLogEvent(LogMessage(debug,		tried C:\Users\ProfLab2\.ivy2\local\com.typesafe.play\sbt-run-support_2.10\2.3.8\ivys\ivy.xml))
Sending msg to client activator-fe9a76ba-2536-403f-b74c-31b029ce22ac: DetachedLogEvent(LogMessage(debug,	local: no ivy file found for com.typesafe.play#sbt-run-support_2.10;2.3.8))
Sending msg to client activator-fe9a76ba-2536-403f-b74c-31b029ce22ac: DetachedLogEvent(LogMessage(debug,		tried C:\doesnotexist\repository\com.typesafe.play\sbt-run-support_2.10\2.3.8\ivys\ivy.xml))
Sending msg to client activator-fe9a76ba-2536-403f-b74c-31b029ce22ac: DetachedLogEvent(LogMessage(debug,	activator-launcher-local: no ivy file found for com.typesafe.play#sbt-run-support_2.10;2.3.8))
Sending msg to client activator-fe9a76ba-2536-403f-b74c-31b029ce22ac: DetachedLogEvent(LogMessage(debug,		tried C:\Users\ProfLab2\Downloads\a\a\repository\com.typesafe.play\sbt-run-support_2.10\2.3.8\ivys\ivy.xml))
Sending msg to client activator-fe9a76ba-2536-403f-b74c-31b029ce22ac: DetachedLogEvent(LogMessage(debug,	activator-local: found md file for com.typesafe.play#sbt-run-support_2.10;2.3.8))
Sending msg to client activator-fe9a76ba-2536-403f-b74c-31b029ce22ac: DetachedLogEvent(LogMessage(debug,		=> C:\Users\ProfLab2\Downloads\a\a\repository\com.typesafe.play\sbt-run-support_2.10\2.3.8\ivys\ivy.xml (2.3.8)))
Sending msg to client activator-fe9a76ba-2536-403f-b74c-31b029ce22ac: DetachedLogEvent(LogMessage(debug,	[NOT REQUIRED] com.typesafe.play#sbt-run-support_2.10;2.3.8!ivy.xml(ivy.original)))
Sending msg to client activator-fe9a76ba-2536-403f-b74c-31b029ce22ac: DetachedLogEvent(LogMessage(debug,	found com.typesafe.play#sbt-run-support_2.10;2.3.8 in activator-local))
Sending msg to client activator-fe9a76ba-2536-403f-b74c-31b029ce22ac: DetachedLogEvent(LogMessage(debug,== resolving dependencies com.typesafe.play#sbt-plugin;2.3.8->com.typesafe.play#sbt-run-support_2.10;2.3.8 [compile->runtime]))
Sending msg to client activator-fe9a76ba-2536-403f-b74c-31b029ce22ac: DetachedLogEvent(LogMessage(debug,== resolving dependencies com.typesafe.play#sbt-plugin;2.3.8->com.typesafe.play#sbt-run-support_2.10;2.3.8 [compile->compile]))
Sending msg to client activator-fe9a76ba-2536-403f-b74c-31b029ce22ac: DetachedLogEvent(LogMessage(debug,== resolving dependencies com.typesafe.play#sbt-run-support_2.10;2.3.8->org.scala-lang#scala-library;2.10.4 [compile->master(compile)]))
Sending msg to client activator-fe9a76ba-2536-403f-b74c-31b029ce22ac: DetachedLogEvent(LogMessage(debug,== resolving dependencies com.typesafe.play#sbt-run-support_2.10;2.3.8->org.scala-lang#scala-library;2.10.4 [compile->compile(*)]))
Sending msg to client activator-fe9a76ba-2536-403f-b74c-31b029ce22ac: DetachedLogEvent(LogMessage(debug,== resolving dependencies com.typesafe.play#sbt-run-support_2.10;2.3.8->com.typesafe.play#build-link;2.3.8 [compile->master(compile)]))
Sending msg to client activator-fe9a76ba-2536-403f-b74c-31b029ce22ac: DetachedLogEvent(LogStdOut([info] Resolving com.typesafe.play#build-link;2.3.8 ...))
Sending msg to client activator-fe9a76ba-2536-403f-b74c-31b029ce22ac: DetachedLogEvent(LogMessage(info,Resolving com.typesafe.play#build-link;2.3.8 ...))
Sending msg to client activator-fe9a76ba-2536-403f-b74c-31b029ce22ac: DetachedLogEvent(LogMessage(debug,sbt-chain: Checking cache for: dependency: com.typesafe.play#build-link;2.3.8 {compile=[compile(*), master(compile)], runtime=[runtime(*)]}))
Sending msg to client activator-fe9a76ba-2536-403f-b74c-31b029ce22ac: DetachedLogEvent(LogMessage(debug,sbt-chain: module revision found in cache: com.typesafe.play#build-link;2.3.8))
Sending msg to client activator-fe9a76ba-2536-403f-b74c-31b029ce22ac: DetachedLogEvent(LogMessage(debug,	found com.typesafe.play#build-link;2.3.8 in sbt-chain))
Sending msg to client activator-fe9a76ba-2536-403f-b74c-31b029ce22ac: DetachedLogEvent(LogMessage(debug,== resolving dependencies com.typesafe.play#sbt-run-support_2.10;2.3.8->com.typesafe.play#build-link;2.3.8 [compile->compile(*)]))
Sending msg to client activator-fe9a76ba-2536-403f-b74c-31b029ce22ac: DetachedLogEvent(LogMessage(debug,== resolving dependencies com.typesafe.play#build-link;2.3.8->com.typesafe.play#play-exceptions;2.3.8 [compile->master(compile)]))
Sending msg to client activator-fe9a76ba-2536-403f-b74c-31b029ce22ac: DetachedLogEvent(LogStdOut([info] Resolving com.typesafe.play#play-exceptions;2.3.8 ...))
Sending msg to client activator-fe9a76ba-2536-403f-b74c-31b029ce22ac: DetachedLogEvent(LogMessage(info,Resolving com.typesafe.play#play-exceptions;2.3.8 ...))
Sending msg to client activator-fe9a76ba-2536-403f-b74c-31b029ce22ac: DetachedLogEvent(LogMessage(debug,sbt-chain: Checking cache for: dependency: com.typesafe.play#play-exceptions;2.3.8 {compile=[compile(*), master(compile)], runtime=[runtime(*)]}))
Sending msg to client activator-fe9a76ba-2536-403f-b74c-31b029ce22ac: DetachedLogEvent(LogMessage(debug,sbt-chain: module revision found in cache: com.typesafe.play#play-exceptions;2.3.8))
Sending msg to client activator-fe9a76ba-2536-403f-b74c-31b029ce22ac: DetachedLogEvent(LogMessage(debug,	found com.typesafe.play#play-exceptions;2.3.8 in sbt-chain))
Sending msg to client activator-fe9a76ba-2536-403f-b74c-31b029ce22ac: DetachedLogEvent(LogMessage(debug,== resolving dependencies com.typesafe.play#build-link;2.3.8->com.typesafe.play#play-exceptions;2.3.8 [compile->compile(*)]))
Sending msg to client activator-fe9a76ba-2536-403f-b74c-31b029ce22ac: DetachedLogEvent(LogMessage(debug,== resolving dependencies com.typesafe.play#build-link;2.3.8->org.javassist#javassist;3.18.2-GA [compile->master(compile)]))
Sending msg to client activator-fe9a76ba-2536-403f-b74c-31b029ce22ac: DetachedLogEvent(LogStdOut([info] Resolving org.javassist#javassist;3.18.2-GA ...))
Sending msg to client activator-fe9a76ba-2536-403f-b74c-31b029ce22ac: DetachedLogEvent(LogMessage(info,Resolving org.javassist#javassist;3.18.2-GA ...))
Sending msg to client activator-fe9a76ba-2536-403f-b74c-31b029ce22ac: DetachedLogEvent(LogMessage(debug,sbt-chain: Checking cache for: dependency: org.javassist#javassist;3.18.2-GA {compile=[compile(*), master(compile)], runtime=[runtime(*)]}))
Sending msg to client activator-fe9a76ba-2536-403f-b74c-31b029ce22ac: DetachedLogEvent(LogMessage(debug,sbt-chain: module revision found in cache: org.javassist#javassist;3.18.2-GA))
Sending msg to client activator-fe9a76ba-2536-403f-b74c-31b029ce22ac: DetachedLogEvent(LogMessage(debug,	found org.javassist#javassist;3.18.2-GA in sbt-chain))
Sending msg to client activator-fe9a76ba-2536-403f-b74c-31b029ce22ac: DetachedLogEvent(LogMessage(debug,== resolving dependencies com.typesafe.play#build-link;2.3.8->org.javassist#javassist;3.18.2-GA [compile->compile(*)]))
Sending msg to client activator-fe9a76ba-2536-403f-b74c-31b029ce22ac: DetachedLogEvent(LogMessage(debug,== resolving dependencies com.typesafe.play#build-link;2.3.8->org.javassist#javassist;3.18.2-GA [compile->default(compile)]))
Sending msg to client activator-fe9a76ba-2536-403f-b74c-31b029ce22ac: DetachedLogEvent(LogMessage(debug,== resolving dependencies com.typesafe.play#build-link;2.3.8->org.javassist#javassist;3.18.2-GA [compile->runtime]))
Sending msg to client activator-fe9a76ba-2536-403f-b74c-31b029ce22ac: DetachedLogEvent(LogMessage(debug,== resolving dependencies com.typesafe.play#build-link;2.3.8->org.javassist#javassist;3.18.2-GA [compile->compile]))
Sending msg to client activator-fe9a76ba-2536-403f-b74c-31b029ce22ac: DetachedLogEvent(LogMessage(debug,== resolving dependencies com.typesafe.play#build-link;2.3.8->org.javassist#javassist;3.18.2-GA [compile->master]))
Sending msg to client activator-fe9a76ba-2536-403f-b74c-31b029ce22ac: DetachedLogEvent(LogMessage(debug,== resolving dependencies com.typesafe.play#sbt-run-support_2.10;2.3.8->com.typesafe.play#build-link;2.3.8 [compile->runtime(*)]))
Sending msg to client activator-fe9a76ba-2536-403f-b74c-31b029ce22ac: DetachedLogEvent(LogMessage(debug,== resolving dependencies com.typesafe.play#sbt-run-support_2.10;2.3.8->com.typesafe.play#build-link;2.3.8 [compile->compile]))
Sending msg to client activator-fe9a76ba-2536-403f-b74c-31b029ce22ac: DetachedLogEvent(LogMessage(debug,== resolving dependencies com.typesafe.play#build-link;2.3.8->com.typesafe.play#play-exceptions;2.3.8 [runtime->runtime(*)]))
Sending msg to client activator-fe9a76ba-2536-403f-b74c-31b029ce22ac: DetachedLogEvent(LogMessage(debug,== resolving dependencies com.typesafe.play#build-link;2.3.8->com.typesafe.play#play-exceptions;2.3.8 [runtime->compile]))
Sending msg to client activator-fe9a76ba-2536-403f-b74c-31b029ce22ac: DetachedLogEvent(LogMessage(debug,== resolving dependencies com.typesafe.play#build-link;2.3.8->org.javassist#javassist;3.18.2-GA [runtime->runtime(*)]))
Sending msg to client activator-fe9a76ba-2536-403f-b74c-31b029ce22ac: DetachedLogEvent(LogMessage(debug,== resolving dependencies com.typesafe.play#build-link;2.3.8->org.javassist#javassist;3.18.2-GA [runtime->compile]))
Sending msg to client activator-fe9a76ba-2536-403f-b74c-31b029ce22ac: DetachedLogEvent(LogMessage(debug,== resolving dependencies com.typesafe.play#sbt-run-support_2.10;2.3.8->org.scala-lang#scala-library;2.10.4 [runtime->runtime(*)]))
Sending msg to client activator-fe9a76ba-2536-403f-b74c-31b029ce22ac: DetachedLogEvent(LogMessage(debug,== resolving dependencies com.typesafe.play#sbt-run-support_2.10;2.3.8->org.scala-lang#scala-library;2.10.4 [runtime->compile]))
Sending msg to client activator-fe9a76ba-2536-403f-b74c-31b029ce22ac: DetachedLogEvent(LogMessage(debug,== resolving dependencies com.typesafe.play#sbt-run-support_2.10;2.3.8->com.typesafe.play#build-link;2.3.8 [runtime->runtime(*)]))
Sending msg to client activator-fe9a76ba-2536-403f-b74c-31b029ce22ac: DetachedLogEvent(LogMessage(debug,== resolving dependencies com.typesafe.play#sbt-run-support_2.10;2.3.8->com.typesafe.play#build-link;2.3.8 [runtime->compile]))
Sending msg to client activator-fe9a76ba-2536-403f-b74c-31b029ce22ac: DetachedLogEvent(LogMessage(debug,== resolving dependencies com.typesafe.play#sbt-plugin;2.3.8->com.typesafe.play#sbt-run-support_2.10;2.3.8 [compile->master]))
Sending msg to client activator-fe9a76ba-2536-403f-b74c-31b029ce22ac: DetachedLogEvent(LogMessage(debug,== resolving dependencies com.typesafe.play#sbt-plugin;2.3.8->com.typesafe#config;1.2.1 [compile->default(compile)]))
Sending msg to client activator-fe9a76ba-2536-403f-b74c-31b029ce22ac: DetachedLogEvent(LogStdOut([info] Resolving com.typesafe#config;1.2.1 ...))
Sending msg to client activator-fe9a76ba-2536-403f-b74c-31b029ce22ac: DetachedLogEvent(LogMessage(info,Resolving com.typesafe#config;1.2.1 ...))
Sending msg to client activator-fe9a76ba-2536-403f-b74c-31b029ce22ac: DetachedLogEvent(LogMessage(debug,sbt-chain: Checking cache for: dependency: com.typesafe#config;1.2.1 {compile=[default(compile)]}))
Sending msg to client activator-fe9a76ba-2536-403f-b74c-31b029ce22ac: DetachedLogEvent(LogMessage(debug,sbt-chain: module revision found in cache: com.typesafe#config;1.2.1))
Sending msg to client activator-fe9a76ba-2536-403f-b74c-31b029ce22ac: DetachedLogEvent(LogMessage(debug,	found com.typesafe#config;1.2.1 in sbt-chain))
Sending msg to client activator-fe9a76ba-2536-403f-b74c-31b029ce22ac: DetachedLogEvent(LogMessage(debug,== resolving dependencies com.typesafe.play#sbt-plugin;2.3.8->com.typesafe#config;1.2.1 [compile->runtime]))
Sending msg to client activator-fe9a76ba-2536-403f-b74c-31b029ce22ac: DetachedLogEvent(LogMessage(debug,== resolving dependencies com.typesafe.play#sbt-plugin;2.3.8->com.typesafe#config;1.2.1 [compile->compile]))
Sending msg to client activator-fe9a76ba-2536-403f-b74c-31b029ce22ac: DetachedLogEvent(LogMessage(debug,== resolving dependencies com.typesafe.play#sbt-plugin;2.3.8->com.typesafe#config;1.2.1 [compile->master]))
Sending msg to client activator-fe9a76ba-2536-403f-b74c-31b029ce22ac: DetachedLogEvent(LogMessage(debug,== resolving dependencies com.typesafe.play#sbt-plugin;2.3.8->org.mozilla#rhino;1.7R4 [compile->default(compile)]))
Sending msg to client activator-fe9a76ba-2536-403f-b74c-31b029ce22ac: DetachedLogEvent(LogStdOut([info] Resolving org.mozilla#rhino;1.7R4 ...))
Sending msg to client activator-fe9a76ba-2536-403f-b74c-31b029ce22ac: DetachedLogEvent(LogMessage(info,Resolving org.mozilla#rhino;1.7R4 ...))
Sending msg to client activator-fe9a76ba-2536-403f-b74c-31b029ce22ac: DetachedLogEvent(LogMessage(debug,sbt-chain: Checking cache for: dependency: org.mozilla#rhino;1.7R4 {compile=[default(compile)]}))
Sending msg to client activator-fe9a76ba-2536-403f-b74c-31b029ce22ac: DetachedLogEvent(LogStdOut([info] Resolving org.mozilla#rhino;1.7R4 ...))
Sending msg to client activator-fe9a76ba-2536-403f-b74c-31b029ce22ac: DetachedLogEvent(LogMessage(info,Resolving org.mozilla#rhino;1.7R4 ...))
Sending msg to client activator-fe9a76ba-2536-403f-b74c-31b029ce22ac: DetachedLogEvent(LogMessage(debug,sbt-chain-delegate: Checking cache for: dependency: org.mozilla#rhino;1.7R4 {compile=[default(compile)]}))
Sending msg to client activator-fe9a76ba-2536-403f-b74c-31b029ce22ac: DetachedLogEvent(LogMessage(debug,		tried https://repo.typesafe.com/typesafe/ivy-releases/org.mozilla/rhino/1.7R4/ivys/ivy.xml))
Sending msg to client activator-fe9a76ba-2536-403f-b74c-31b029ce22ac: DetachedLogEvent(LogMessage(debug,CLIENT ERROR: Not Found url=https://repo.typesafe.com/typesafe/ivy-releases/org.mozilla/rhino/1.7R4/ivys/ivy.xml))
Sending msg to client activator-fe9a76ba-2536-403f-b74c-31b029ce22ac: DetachedLogEvent(LogMessage(debug,	typesafe-ivy-releases: no ivy file found for org.mozilla#rhino;1.7R4))
Sending msg to client activator-fe9a76ba-2536-403f-b74c-31b029ce22ac: DetachedLogEvent(LogMessage(debug,		tried https://repo.scala-sbt.org/scalasbt/sbt-plugin-releases/org.mozilla/rhino/1.7R4/ivys/ivy.xml))
Sending msg to client activator-fe9a76ba-2536-403f-b74c-31b029ce22ac: DetachedLogEvent(LogMessage(debug,CLIENT ERROR: Not Found url=https://repo.scala-sbt.org/scalasbt/sbt-plugin-releases/org.mozilla/rhino/1.7R4/ivys/ivy.xml))
Sending msg to client activator-fe9a76ba-2536-403f-b74c-31b029ce22ac: DetachedLogEvent(LogMessage(debug,	sbt-plugin-releases: no ivy file found for org.mozilla#rhino;1.7R4))
Sending msg to client activator-fe9a76ba-2536-403f-b74c-31b029ce22ac: DetachedLogEvent(LogMessage(debug,		tried C:\Users\ProfLab2\.ivy2\local\org.mozilla\rhino\1.7R4\ivys\ivy.xml))
Sending msg to client activator-fe9a76ba-2536-403f-b74c-31b029ce22ac: DetachedLogEvent(LogMessage(debug,	local: no ivy file found for org.mozilla#rhino;1.7R4))
Sending msg to client activator-fe9a76ba-2536-403f-b74c-31b029ce22ac: DetachedLogEvent(LogMessage(debug,		tried C:\doesnotexist\repository\org.mozilla\rhino\1.7R4\ivys\ivy.xml))
Sending msg to client activator-fe9a76ba-2536-403f-b74c-31b029ce22ac: DetachedLogEvent(LogMessage(debug,	activator-launcher-local: no ivy file found for org.mozilla#rhino;1.7R4))
Sending msg to client activator-fe9a76ba-2536-403f-b74c-31b029ce22ac: DetachedLogEvent(LogMessage(debug,		tried C:\Users\ProfLab2\Downloads\a\a\repository\org.mozilla\rhino\1.7R4\ivys\ivy.xml))
Sending msg to client activator-fe9a76ba-2536-403f-b74c-31b029ce22ac: DetachedLogEvent(LogMessage(debug,	activator-local: found md file for org.mozilla#rhino;1.7R4))
Sending msg to client activator-fe9a76ba-2536-403f-b74c-31b029ce22ac: DetachedLogEvent(LogMessage(debug,		=> C:\Users\ProfLab2\Downloads\a\a\repository\org.mozilla\rhino\1.7R4\ivys\ivy.xml (1.7R4)))
Sending msg to client activator-fe9a76ba-2536-403f-b74c-31b029ce22ac: DetachedLogEvent(LogMessage(debug,	[NOT REQUIRED] org.mozilla#rhino;1.7R4!ivy.xml(ivy.original)))
Sending msg to client activator-fe9a76ba-2536-403f-b74c-31b029ce22ac: DetachedLogEvent(LogMessage(debug,	found org.mozilla#rhino;1.7R4 in activator-local))
Sending msg to client activator-fe9a76ba-2536-403f-b74c-31b029ce22ac: DetachedLogEvent(LogMessage(debug,== resolving dependencies com.typesafe.play#sbt-plugin;2.3.8->org.mozilla#rhino;1.7R4 [compile->runtime]))
Sending msg to client activator-fe9a76ba-2536-403f-b74c-31b029ce22ac: DetachedLogEvent(LogMessage(debug,== resolving dependencies com.typesafe.play#sbt-plugin;2.3.8->org.mozilla#rhino;1.7R4 [compile->compile]))
Sending msg to client activator-fe9a76ba-2536-403f-b74c-31b029ce22ac: DetachedLogEvent(LogMessage(debug,== resolving dependencies com.typesafe.play#sbt-plugin;2.3.8->org.mozilla#rhino;1.7R4 [compile->master]))
Sending msg to client activator-fe9a76ba-2536-403f-b74c-31b029ce22ac: DetachedLogEvent(LogMessage(debug,== resolving dependencies com.typesafe.play#sbt-plugin;2.3.8->com.google.javascript#closure-compiler;v20130603 [compile->default(compile)]))
Sending msg to client activator-fe9a76ba-2536-403f-b74c-31b029ce22ac: DetachedLogEvent(LogStdOut([info] Resolving com.google.javascript#closure-compiler;v20130603 ...))
Sending msg to client activator-fe9a76ba-2536-403f-b74c-31b029ce22ac: DetachedLogEvent(LogMessage(info,Resolving com.google.javascript#closure-compiler;v20130603 ...))
Sending msg to client activator-fe9a76ba-2536-403f-b74c-31b029ce22ac: DetachedLogEvent(LogMessage(debug,sbt-chain: Checking cache for: dependency: com.google.javascript#closure-compiler;v20130603 {compile=[default(compile)]}))
Sending msg to client activator-fe9a76ba-2536-403f-b74c-31b029ce22ac: DetachedLogEvent(LogStdOut([info] Resolving com.google.javascript#closure-compiler;v20130603 ...))
Sending msg to client activator-fe9a76ba-2536-403f-b74c-31b029ce22ac: DetachedLogEvent(LogMessage(info,Resolving com.google.javascript#closure-compiler;v20130603 ...))
Sending msg to client activator-fe9a76ba-2536-403f-b74c-31b029ce22ac: DetachedLogEvent(LogMessage(debug,sbt-chain-delegate: Checking cache for: dependency: com.google.javascript#closure-compiler;v20130603 {compile=[default(compile)]}))
Sending msg to client activator-fe9a76ba-2536-403f-b74c-31b029ce22ac: DetachedLogEvent(LogMessage(debug,		tried https://repo.typesafe.com/typesafe/ivy-releases/com.google.javascript/closure-compiler/v20130603/ivys/ivy.xml))
Sending msg to client activator-fe9a76ba-2536-403f-b74c-31b029ce22ac: DetachedLogEvent(LogMessage(debug,CLIENT ERROR: Not Found url=https://repo.typesafe.com/typesafe/ivy-releases/com.google.javascript/closure-compiler/v20130603/ivys/ivy.xml))
Sending msg to client activator-fe9a76ba-2536-403f-b74c-31b029ce22ac: DetachedLogEvent(LogMessage(debug,	typesafe-ivy-releases: no ivy file found for com.google.javascript#closure-compiler;v20130603))
Sending msg to client activator-fe9a76ba-2536-403f-b74c-31b029ce22ac: DetachedLogEvent(LogMessage(debug,		tried https://repo.scala-sbt.org/scalasbt/sbt-plugin-releases/com.google.javascript/closure-compiler/v20130603/ivys/ivy.xml))
Sending msg to client activator-fe9a76ba-2536-403f-b74c-31b029ce22ac: DetachedLogEvent(LogMessage(debug,CLIENT ERROR: Not Found url=https://repo.scala-sbt.org/scalasbt/sbt-plugin-releases/com.google.javascript/closure-compiler/v20130603/ivys/ivy.xml))
Sending msg to client activator-fe9a76ba-2536-403f-b74c-31b029ce22ac: DetachedLogEvent(LogMessage(debug,	sbt-plugin-releases: no ivy file found for com.google.javascript#closure-compiler;v20130603))
Sending msg to client activator-fe9a76ba-2536-403f-b74c-31b029ce22ac: DetachedLogEvent(LogMessage(debug,		tried C:\Users\ProfLab2\.ivy2\local\com.google.javascript\closure-compiler\v20130603\ivys\ivy.xml))
Sending msg to client activator-fe9a76ba-2536-403f-b74c-31b029ce22ac: DetachedLogEvent(LogMessage(debug,	local: no ivy file found for com.google.javascript#closure-compiler;v20130603))
Sending msg to client activator-fe9a76ba-2536-403f-b74c-31b029ce22ac: DetachedLogEvent(LogMessage(debug,		tried C:\doesnotexist\repository\com.google.javascript\closure-compiler\v20130603\ivys\ivy.xml))
Sending msg to client activator-fe9a76ba-2536-403f-b74c-31b029ce22ac: DetachedLogEvent(LogMessage(debug,	activator-launcher-local: no ivy file found for com.google.javascript#closure-compiler;v20130603))
Sending msg to client activator-fe9a76ba-2536-403f-b74c-31b029ce22ac: DetachedLogEvent(LogMessage(debug,		tried C:\Users\ProfLab2\Downloads\a\a\repository\com.google.javascript\closure-compiler\v20130603\ivys\ivy.xml))
Sending msg to client activator-fe9a76ba-2536-403f-b74c-31b029ce22ac: DetachedLogEvent(LogMessage(debug,	activator-local: found md file for com.google.javascript#closure-compiler;v20130603))
Sending msg to client activator-fe9a76ba-2536-403f-b74c-31b029ce22ac: DetachedLogEvent(LogMessage(debug,		=> C:\Users\ProfLab2\Downloads\a\a\repository\com.google.javascript\closure-compiler\v20130603\ivys\ivy.xml (v20130603)))
Sending msg to client activator-fe9a76ba-2536-403f-b74c-31b029ce22ac: DetachedLogEvent(LogMessage(debug,	[NOT REQUIRED] com.google.javascript#closure-compiler;v20130603!ivy.xml(ivy.original)))
Sending msg to client activator-fe9a76ba-2536-403f-b74c-31b029ce22ac: DetachedLogEvent(LogMessage(debug,	found com.google.javascript#closure-compiler;v20130603 in activator-local))
Sending msg to client activator-fe9a76ba-2536-403f-b74c-31b029ce22ac: DetachedLogEvent(LogMessage(debug,== resolving dependencies com.typesafe.play#sbt-plugin;2.3.8->com.google.javascript#closure-compiler;v20130603 [compile->runtime]))
Sending msg to client activator-fe9a76ba-2536-403f-b74c-31b029ce22ac: DetachedLogEvent(LogMessage(debug,== resolving dependencies com.typesafe.play#sbt-plugin;2.3.8->com.google.javascript#closure-compiler;v20130603 [compile->compile]))
Sending msg to client activator-fe9a76ba-2536-403f-b74c-31b029ce22ac: DetachedLogEvent(LogMessage(debug,excluding dependency: args4j#args4j;2.0.16 {compile=[compile(*), master(*)], runtime=[runtime(*)]} in compile))
Sending msg to client activator-fe9a76ba-2536-403f-b74c-31b029ce22ac: DetachedLogEvent(LogMessage(debug,excluding dependency: com.google.protobuf#protobuf-java;2.4.1 {compile=[compile(*), master(*)], runtime=[runtime(*)]} in compile))
Sending msg to client activator-fe9a76ba-2536-403f-b74c-31b029ce22ac: DetachedLogEvent(LogMessage(debug,excluding dependency: com.google.code.findbugs#jsr305;1.3.9 {compile=[compile(*), master(*)], runtime=[runtime(*)]} in compile))
Sending msg to client activator-fe9a76ba-2536-403f-b74c-31b029ce22ac: DetachedLogEvent(LogMessage(debug,== resolving dependencies com.google.javascript#closure-compiler;v20130603->com.google.guava#guava;14.0.1 [compile->master(*)]))
Sending msg to client activator-fe9a76ba-2536-403f-b74c-31b029ce22ac: DetachedLogEvent(LogMessage(debug,excluding dependency: args4j#args4j;2.0.16 {compile=[compile(*), master(*)], runtime=[runtime(*)]} in compile))
Sending msg to client activator-fe9a76ba-2536-403f-b74c-31b029ce22ac: DetachedLogEvent(LogMessage(debug,excluding dependency: com.google.protobuf#protobuf-java;2.4.1 {compile=[compile(*), master(*)], runtime=[runtime(*)]} in compile))
Sending msg to client activator-fe9a76ba-2536-403f-b74c-31b029ce22ac: DetachedLogEvent(LogMessage(debug,excluding dependency: com.google.code.findbugs#jsr305;1.3.9 {compile=[compile(*), master(*)], runtime=[runtime(*)]} in compile))
Sending msg to client activator-fe9a76ba-2536-403f-b74c-31b029ce22ac: DetachedLogEvent(LogMessage(debug,excluding dependency: args4j#args4j;2.0.16 {compile=[compile(*), master(*)], runtime=[runtime(*)]} in runtime))
Sending msg to client activator-fe9a76ba-2536-403f-b74c-31b029ce22ac: DetachedLogEvent(LogMessage(debug,excluding dependency: com.google.protobuf#protobuf-java;2.4.1 {compile=[compile(*), master(*)], runtime=[runtime(*)]} in runtime))
Sending msg to client activator-fe9a76ba-2536-403f-b74c-31b029ce22ac: DetachedLogEvent(LogMessage(debug,excluding dependency: com.google.code.findbugs#jsr305;1.3.9 {compile=[compile(*), master(*)], runtime=[runtime(*)]} in runtime))
Sending msg to client activator-fe9a76ba-2536-403f-b74c-31b029ce22ac: DetachedLogEvent(LogMessage(debug,== resolving dependencies com.google.javascript#closure-compiler;v20130603->com.google.guava#guava;14.0.1 [compile->compile(*)]))
Sending msg to client activator-fe9a76ba-2536-403f-b74c-31b029ce22ac: DetachedLogEvent(LogMessage(debug,== resolving dependencies com.google.javascript#closure-compiler;v20130603->org.json#json;20090211 [compile->master(*)]))
Sending msg to client activator-fe9a76ba-2536-403f-b74c-31b029ce22ac: DetachedLogEvent(LogMessage(debug,excluding dependency: args4j#args4j;2.0.16 {compile=[compile(*), master(*)], runtime=[runtime(*)]} in compile))
Sending msg to client activator-fe9a76ba-2536-403f-b74c-31b029ce22ac: DetachedLogEvent(LogMessage(debug,excluding dependency: com.google.protobuf#protobuf-java;2.4.1 {compile=[compile(*), master(*)], runtime=[runtime(*)]} in compile))
Sending msg to client activator-fe9a76ba-2536-403f-b74c-31b029ce22ac: DetachedLogEvent(LogMessage(debug,excluding dependency: com.google.code.findbugs#jsr305;1.3.9 {compile=[compile(*), master(*)], runtime=[runtime(*)]} in compile))
Sending msg to client activator-fe9a76ba-2536-403f-b74c-31b029ce22ac: DetachedLogEvent(LogMessage(debug,excluding dependency: args4j#args4j;2.0.16 {compile=[compile(*), master(*)], runtime=[runtime(*)]} in runtime))
Sending msg to client activator-fe9a76ba-2536-403f-b74c-31b029ce22ac: DetachedLogEvent(LogMessage(debug,excluding dependency: com.google.protobuf#protobuf-java;2.4.1 {compile=[compile(*), master(*)], runtime=[runtime(*)]} in runtime))
Sending msg to client activator-fe9a76ba-2536-403f-b74c-31b029ce22ac: DetachedLogEvent(LogMessage(debug,excluding dependency: com.google.code.findbugs#jsr305;1.3.9 {compile=[compile(*), master(*)], runtime=[runtime(*)]} in runtime))
Sending msg to client activator-fe9a76ba-2536-403f-b74c-31b029ce22ac: DetachedLogEvent(LogStdOut([info] Resolving org.json#json;20090211 ...))
Sending msg to client activator-fe9a76ba-2536-403f-b74c-31b029ce22ac: DetachedLogEvent(LogMessage(info,Resolving org.json#json;20090211 ...))
Sending msg to client activator-fe9a76ba-2536-403f-b74c-31b029ce22ac: DetachedLogEvent(LogMessage(debug,sbt-chain: Checking cache for: dependency: org.json#json;20090211 {compile=[compile(*), master(*)], runtime=[runtime(*)]}))
Sending msg to client activator-fe9a76ba-2536-403f-b74c-31b029ce22ac: DetachedLogEvent(LogStdOut([info] Resolving org.json#json;20090211 ...))
Sending msg to client activator-fe9a76ba-2536-403f-b74c-31b029ce22ac: DetachedLogEvent(LogMessage(info,Resolving org.json#json;20090211 ...))
Sending msg to client activator-fe9a76ba-2536-403f-b74c-31b029ce22ac: DetachedLogEvent(LogMessage(debug,sbt-chain-delegate: Checking cache for: dependency: org.json#json;20090211 {compile=[compile(*), master(*)], runtime=[runtime(*)]}))
Sending msg to client activator-fe9a76ba-2536-403f-b74c-31b029ce22ac: DetachedLogEvent(LogMessage(debug,		tried https://repo.typesafe.com/typesafe/ivy-releases/org.json/json/20090211/ivys/ivy.xml))
Sending msg to client activator-fe9a76ba-2536-403f-b74c-31b029ce22ac: DetachedLogEvent(LogMessage(debug,CLIENT 